2026-05-11 15:20:05,851 - INFO - ======================================================================
2026-05-11 15:20:05,851 - INFO - PREPROCESSING BEFORE/AFTER INVESTIGATION
2026-05-11 15:20:05,851 - INFO - ======================================================================
2026-05-11 15:20:05,851 - INFO - 
[Step 1] Loading reference face from database...
2026-05-11 15:20:05,863 - INFO -   Shape: (178, 178, 3)
2026-05-11 15:20:05,863 - INFO - 
[Step 2] Capturing your face from camera...
2026-05-11 15:20:05,863 - INFO - 
======================================================================
2026-05-11 15:20:05,863 - INFO - CAPTURING YOUR FACE
2026-05-11 15:20:05,863 - INFO - ======================================================================
2026-05-11 15:20:05,865 - INFO - Position your face in front of the camera...
2026-05-11 15:20:05,865 - INFO - Press SPACE to capture, ESC to cancel
2026-05-11 15:20:15,369 - INFO - Camera initialized: 640x480 @ 30fps
2026-05-11 15:20:28,734 - INFO - Camera released
2026-05-11 15:20:28,736 - INFO - Camera released
2026-05-11 15:20:28,760 - INFO - 
[Step 3] Saving BEFORE preprocessed face...
2026-05-11 15:20:28,777 - INFO - 
[Step 4] Applying preprocessing techniques...
2026-05-11 15:20:28,783 - INFO - Normal preprocessing completed
2026-05-11 15:20:28,786 - INFO - 
[Step 5] Saving AFTER preprocessed face...
2026-05-11 15:20:28,797 - INFO - 
[Step 6] Comparing BEFORE vs Reference Face...
2026-05-11 15:20:28,797 - INFO - ----------------------------------------------------------------------
2026-05-11 15:20:28,799 - ERROR - Error comparing images: 'AccuracyCalculator' object has no attribute 'cosine_similarity'
2026-05-11 15:20:28,800 - INFO - 
[Step 7] Comparing AFTER vs Reference Face...
2026-05-11 15:20:28,800 - INFO - ----------------------------------------------------------------------
2026-05-11 15:20:28,800 - ERROR - Error comparing images: 'AccuracyCalculator' object has no attribute 'cosine_similarity'
2026-05-11 15:20:28,800 - INFO - 
[Improvement Analysis]
2026-05-11 15:20:28,801 - INFO - ----------------------------------------------------------------------
2026-05-11 15:20:28,801 - INFO - 
[Step 8] Displaying visual comparison...
2026-05-11 15:20:28,801 - INFO - ----------------------------------------------------------------------
2026-05-11 15:20:28,861 - INFO - Displaying comparison. Press any key to close...
2026-05-11 15:20:52,911 - INFO - 
======================================================================
2026-05-11 15:20:52,913 - INFO - INVESTIGATION COMPLETED SUCCESSFULLY!
2026-05-11 15:20:52,913 - INFO - ======================================================================
2026-05-11 15:20:52,913 - INFO - Results saved in: C:\Users\ASUS\Desktop\Statistics\captured\20260511_152005
2026-05-11 15:22:23,662 - INFO - ======================================================================
2026-05-11 15:22:23,662 - INFO - PREPROCESSING BEFORE/AFTER INVESTIGATION
2026-05-11 15:22:23,662 - INFO - ======================================================================
2026-05-11 15:22:23,662 - INFO - 
[Step 1] Loading reference face from database...
2026-05-11 15:22:23,666 - INFO - [OK] Loaded reference face: C:\Users\ASUS\Desktop\Statistics\database\reference_images\sample_person.png
2026-05-11 15:22:23,666 - INFO -   Shape: (178, 178, 3)
2026-05-11 15:22:23,666 - INFO - 
[Step 2] Capturing your face from camera...
2026-05-11 15:22:23,666 - INFO - 
======================================================================
2026-05-11 15:22:23,666 - INFO - CAPTURING YOUR FACE
2026-05-11 15:22:23,666 - INFO - ======================================================================
2026-05-11 15:22:23,666 - INFO - Position your face in front of the camera...
2026-05-11 15:22:23,666 - INFO - Press SPACE to capture, ESC to cancel
2026-05-11 15:22:33,633 - INFO - Camera initialized: 640x480 @ 30fps
2026-05-11 15:31:38,282 - INFO - [OK] Face captured!
2026-05-11 15:31:38,610 - INFO - Camera released
2026-05-11 15:31:38,611 - INFO - Camera released
2026-05-11 15:31:38,612 - INFO - [OK] Created capture folder: C:\Users\ASUS\Desktop\Statistics\captured\20260511_152223
2026-05-11 15:31:38,613 - INFO - 
[Step 3] Saving BEFORE preprocessed face...
2026-05-11 15:31:38,622 - INFO - [OK] Saved: C:\Users\ASUS\Desktop\Statistics\captured\20260511_152223\01_before_preprocessing.jpg
2026-05-11 15:31:38,627 - INFO - 
[Step 4] Applying preprocessing techniques...
2026-05-11 15:31:38,635 - INFO - Normal preprocessing completed
2026-05-11 15:31:38,637 - INFO - [OK] Preprocessing applied
2026-05-11 15:31:38,641 - INFO - 
[Step 5] Saving AFTER preprocessed face...
2026-05-11 15:31:38,651 - INFO - [OK] Saved: C:\Users\ASUS\Desktop\Statistics\captured\20260511_152223\02_after_preprocessing.jpg
2026-05-11 15:31:38,651 - INFO - 
[Step 6] Comparing BEFORE vs Reference Face...
2026-05-11 15:31:38,652 - INFO - ----------------------------------------------------------------------
2026-05-11 15:31:38,654 - INFO - 
BEFORE Comparison Scores:
2026-05-11 15:31:38,654 - INFO -   SSIM Similarity:        2.9898 (higher is better)
2026-05-11 15:31:38,655 - INFO -   Cosine Similarity:      0.0000 (0-1 scale)
2026-05-11 15:31:38,655 - INFO -   Euclidean Distance:     3170.69 (lower is better)
2026-05-11 15:31:38,656 - INFO - 
[Step 7] Comparing AFTER vs Reference Face...
2026-05-11 15:31:38,656 - INFO - ----------------------------------------------------------------------
2026-05-11 15:31:38,658 - INFO - 
AFTER Comparison Scores:
2026-05-11 15:31:38,658 - INFO -   SSIM Similarity:        3.2798 (higher is better)
2026-05-11 15:31:38,658 - INFO -   Cosine Similarity:      0.0000 (0-1 scale)
2026-05-11 15:31:38,659 - INFO -   Euclidean Distance:     3145.54 (lower is better)
2026-05-11 15:31:38,659 - INFO - 
[Improvement Analysis]
2026-05-11 15:31:38,660 - INFO - ----------------------------------------------------------------------
2026-05-11 15:31:38,660 - INFO - SSIM Improvement:       +9.70%
2026-05-11 15:31:38,660 - INFO - Cosine Similarity Improvement: -42.54%
2026-05-11 15:31:38,660 - INFO - 
[Step 8] Displaying visual comparison...
2026-05-11 15:31:38,660 - INFO - ----------------------------------------------------------------------
2026-05-11 15:31:38,681 - INFO - Displaying comparison. Press any key to close...
2026-05-11 15:31:53,675 - INFO - [OK] Results saved: C:\Users\ASUS\Desktop\Statistics\captured\20260511_152223\comparison_results.json
2026-05-11 15:31:53,678 - INFO - 
======================================================================
2026-05-11 15:31:53,678 - INFO - INVESTIGATION COMPLETED SUCCESSFULLY!
2026-05-11 15:31:53,678 - INFO - ======================================================================
2026-05-11 15:31:53,679 - INFO - Results saved in: C:\Users\ASUS\Desktop\Statistics\captured\20260511_152223
2026-05-11 15:31:53,679 - INFO -   [OK] 01_before_preprocessing.jpg
2026-05-11 15:31:53,679 - INFO -   [OK] 02_after_preprocessing.jpg
2026-05-11 15:31:53,679 - INFO -   [OK] comparison_results.json
